<?xml version="1.0" encoding="UTF-8"?>
<testng-results ignored="0" total="4" passed="4" failed="0" skipped="0">
  <reporter-output>
  </reporter-output>
  <suite started-at="2024-02-15T11:39:33 GMT" name="Default suite" finished-at="2024-02-15T11:39:44 GMT" duration-ms="10673">
    <groups>
      <group name="cucumber">
        <method signature="AbstractTestNGCucumberTests.runScenario(io.cucumber.testng.PickleWrapper,io.cucumber.testng.FeatureWrapper)[pri:0, instance:runner.RunMaps@6c80d78a]" name="runScenario" class="io.cucumber.testng.AbstractTestNGCucumberTests"/>
      </group> <!-- cucumber -->
    </groups>
    <test started-at="2024-02-15T11:39:33 GMT" name="Default test" finished-at="2024-02-15T11:39:44 GMT" duration-ms="10673">
      <class name="runner.RunMaps">
        <test-method is-config="true" signature="setUpClass(org.testng.ITestContext)[pri:0, instance:runner.RunMaps@6c80d78a]" started-at="2024-02-15T11:39:33 GMT" name="setUpClass" finished-at="2024-02-15T11:39:34 GMT" duration-ms="487" status="PASS">
          <params>
            <param index="0">
              <value>
                <![CDATA[org.testng.TestRunner@3bd08435]]>
              </value>
            </param>
          </params>
          <reporter-output>
          </reporter-output>
        </test-method> <!-- setUpClass -->
        <test-method signature="runScenario(io.cucumber.testng.PickleWrapper,io.cucumber.testng.FeatureWrapper)[pri:0, instance:runner.RunMaps@6c80d78a]" started-at="2024-02-15T11:39:34 GMT" name="runScenario" description="Runs Cucumber Scenarios" data-provider="scenarios" finished-at="2024-02-15T11:39:37 GMT" duration-ms="3589" status="PASS">
          <params>
            <param index="0">
              <value>
                <![CDATA["To create a new request for maps"]]>
              </value>
            </param>
            <param index="1">
              <value>
                <![CDATA["To validate the CRUD operations"]]>
              </value>
            </param>
          </params>
          <reporter-output>
          </reporter-output>
        </test-method> <!-- runScenario -->
        <test-method signature="runScenario(io.cucumber.testng.PickleWrapper,io.cucumber.testng.FeatureWrapper)[pri:0, instance:runner.RunMaps@6c80d78a]" started-at="2024-02-15T11:39:37 GMT" name="runScenario" description="Runs Cucumber Scenarios" data-provider="scenarios" finished-at="2024-02-15T11:39:39 GMT" duration-ms="1952" status="PASS">
          <params>
            <param index="0">
              <value>
                <![CDATA["To update a new request for maps"]]>
              </value>
            </param>
            <param index="1">
              <value>
                <![CDATA["To validate the CRUD operations"]]>
              </value>
            </param>
          </params>
          <reporter-output>
          </reporter-output>
        </test-method> <!-- runScenario -->
        <test-method signature="runScenario(io.cucumber.testng.PickleWrapper,io.cucumber.testng.FeatureWrapper)[pri:0, instance:runner.RunMaps@6c80d78a]" started-at="2024-02-15T11:39:39 GMT" name="runScenario" description="Runs Cucumber Scenarios" data-provider="scenarios" finished-at="2024-02-15T11:39:40 GMT" duration-ms="1319" status="PASS">
          <params>
            <param index="0">
              <value>
                <![CDATA["To delete a new request for maps"]]>
              </value>
            </param>
            <param index="1">
              <value>
                <![CDATA["To validate the CRUD operations"]]>
              </value>
            </param>
          </params>
          <reporter-output>
          </reporter-output>
        </test-method> <!-- runScenario -->
        <test-method signature="runScenario(io.cucumber.testng.PickleWrapper,io.cucumber.testng.FeatureWrapper)[pri:0, instance:runner.RunMaps@6c80d78a]" started-at="2024-02-15T11:39:40 GMT" name="runScenario" description="Runs Cucumber Scenarios" data-provider="scenarios" finished-at="2024-02-15T11:39:42 GMT" duration-ms="1905" status="PASS">
          <params>
            <param index="0">
              <value>
                <![CDATA["To get a new request for maps"]]>
              </value>
            </param>
            <param index="1">
              <value>
                <![CDATA["To validate the CRUD operations"]]>
              </value>
            </param>
          </params>
          <reporter-output>
          </reporter-output>
        </test-method> <!-- runScenario -->
        <test-method is-config="true" signature="tearDownClass()[pri:0, instance:runner.RunMaps@6c80d78a]" started-at="2024-02-15T11:39:42 GMT" name="tearDownClass" finished-at="2024-02-15T11:39:44 GMT" duration-ms="1373" status="PASS">
          <reporter-output>
          </reporter-output>
        </test-method> <!-- tearDownClass -->
      </class> <!-- runner.RunMaps -->
    </test> <!-- Default test -->
  </suite> <!-- Default suite -->
</testng-results>
